INFO -- 2010-10-06 00:54:03,401 --En user funcion:__init__ linea:341 -- El usuario root se ha autenticado
INFO -- 2010-10-06 01:07:22,883 --En user funcion:__init__ linea:339 -- El usuario root se ha autenticado
CRITICAL -- 2010-10-06 01:07:25,058 --En base funcion:on_dtPicker_dateTimeChanged linea:130 -- La consulta para obtener tipos de cambio no devolvio exactamente un valor
CRITICAL -- 2010-10-06 01:07:26,494 --En base funcion:on_dtPicker_dateTimeChanged linea:130 -- La consulta para obtener tipos de cambio no devolvio exactamente un valor
ERROR -- 2010-10-06 01:07:28,323 --En base funcion:on_dtPicker_dateTimeChanged linea:143 -- Hubo un error al obtener los tipos de cambio
ERROR -- 2010-10-06 01:07:28,326 --En base funcion:on_dtPicker_dateTimeChanged linea:143 -- Hubo un error al obtener los tipos de cambio
CRITICAL -- 2010-10-06 01:07:32,313 --En base funcion:on_dtPicker_dateTimeChanged linea:130 -- La consulta para obtener tipos de cambio no devolvio exactamente un valor
CRITICAL -- 2010-10-06 01:07:33,141 --En base funcion:on_dtPicker_dateTimeChanged linea:130 -- La consulta para obtener tipos de cambio no devolvio exactamente un valor
ERROR -- 2010-10-06 01:07:33,737 --En base funcion:on_dtPicker_dateTimeChanged linea:143 -- Hubo un error al obtener los tipos de cambio
ERROR -- 2010-10-06 01:07:33,758 --En base funcion:on_dtPicker_dateTimeChanged linea:143 -- Hubo un error al obtener los tipos de cambio
CRITICAL -- 2010-10-06 01:07:33,759 --En base funcion:on_dtPicker_dateTimeChanged linea:130 -- La consulta para obtener tipos de cambio no devolvio exactamente un valor
CRITICAL -- 2010-10-06 01:07:34,455 --En base funcion:on_dtPicker_dateTimeChanged linea:130 -- La consulta para obtener tipos de cambio no devolvio exactamente un valor
ERROR -- 2010-10-06 01:07:35,320 --En base funcion:on_dtPicker_dateTimeChanged linea:143 -- Hubo un error al obtener los tipos de cambio
ERROR -- 2010-10-06 01:07:35,322 --En base funcion:on_dtPicker_dateTimeChanged linea:143 -- Hubo un error al obtener los tipos de cambio
INFO -- 2010-10-06 01:24:26,929 --En user funcion:__init__ linea:339 -- El usuario root se ha autenticado
INFO -- 2010-10-06 02:02:41,355 --En user funcion:__init__ linea:339 -- El usuario root se ha autenticado
CRITICAL -- 2010-10-06 02:02:44,861 --En base funcion:on_dtPicker_dateTimeChanged linea:130 -- La consulta para obtener tipos de cambio no devolvio exactamente un valor
CRITICAL -- 2010-10-06 02:02:45,897 --En base funcion:on_dtPicker_dateTimeChanged linea:130 -- La consulta para obtener tipos de cambio no devolvio exactamente un valor
ERROR -- 2010-10-06 02:02:46,536 --En base funcion:on_dtPicker_dateTimeChanged linea:143 -- Hubo un error al obtener los tipos de cambio
ERROR -- 2010-10-06 02:02:46,542 --En base funcion:on_dtPicker_dateTimeChanged linea:143 -- Hubo un error al obtener los tipos de cambio
CRITICAL -- 2010-10-06 02:02:49,639 --En base funcion:on_dtPicker_dateTimeChanged linea:130 -- La consulta para obtener tipos de cambio no devolvio exactamente un valor
CRITICAL -- 2010-10-06 02:02:50,436 --En base funcion:on_dtPicker_dateTimeChanged linea:130 -- La consulta para obtener tipos de cambio no devolvio exactamente un valor
ERROR -- 2010-10-06 02:02:50,952 --En base funcion:on_dtPicker_dateTimeChanged linea:143 -- Hubo un error al obtener los tipos de cambio
ERROR -- 2010-10-06 02:02:50,961 --En base funcion:on_dtPicker_dateTimeChanged linea:143 -- Hubo un error al obtener los tipos de cambio
CRITICAL -- 2010-10-06 02:02:50,962 --En base funcion:on_dtPicker_dateTimeChanged linea:130 -- La consulta para obtener tipos de cambio no devolvio exactamente un valor
CRITICAL -- 2010-10-06 02:02:51,650 --En base funcion:on_dtPicker_dateTimeChanged linea:130 -- La consulta para obtener tipos de cambio no devolvio exactamente un valor
ERROR -- 2010-10-06 02:02:52,472 --En base funcion:on_dtPicker_dateTimeChanged linea:143 -- Hubo un error al obtener los tipos de cambio
ERROR -- 2010-10-06 02:02:52,474 --En base funcion:on_dtPicker_dateTimeChanged linea:143 -- Hubo un error al obtener los tipos de cambio
CRITICAL -- 2010-10-06 02:03:45,750 --En base funcion:on_dtPicker_dateTimeChanged linea:130 -- La consulta para obtener tipos de cambio no devolvio exactamente un valor
CRITICAL -- 2010-10-06 02:03:46,501 --En base funcion:on_dtPicker_dateTimeChanged linea:130 -- La consulta para obtener tipos de cambio no devolvio exactamente un valor
ERROR -- 2010-10-06 02:03:47,026 --En base funcion:on_dtPicker_dateTimeChanged linea:143 -- Hubo un error al obtener los tipos de cambio
ERROR -- 2010-10-06 02:03:47,027 --En base funcion:on_dtPicker_dateTimeChanged linea:143 -- Hubo un error al obtener los tipos de cambio
CRITICAL -- 2010-10-06 02:04:03,775 --En base funcion:on_dtPicker_dateTimeChanged linea:130 -- La consulta para obtener tipos de cambio no devolvio exactamente un valor
CRITICAL -- 2010-10-06 02:04:04,298 --En base funcion:on_dtPicker_dateTimeChanged linea:130 -- La consulta para obtener tipos de cambio no devolvio exactamente un valor
ERROR -- 2010-10-06 02:04:04,776 --En base funcion:on_dtPicker_dateTimeChanged linea:143 -- Hubo un error al obtener los tipos de cambio
ERROR -- 2010-10-06 02:04:04,777 --En base funcion:on_dtPicker_dateTimeChanged linea:143 -- Hubo un error al obtener los tipos de cambio
INFO -- 2010-10-06 02:06:33,006 --En user funcion:__init__ linea:339 -- El usuario root se ha autenticado
CRITICAL -- 2010-10-06 02:06:34,965 --En base funcion:on_dtPicker_dateTimeChanged linea:130 -- La consulta para obtener tipos de cambio no devolvio exactamente un valor
CRITICAL -- 2010-10-06 02:06:36,133 --En base funcion:on_dtPicker_dateTimeChanged linea:130 -- La consulta para obtener tipos de cambio no devolvio exactamente un valor
ERROR -- 2010-10-06 02:06:36,625 --En base funcion:on_dtPicker_dateTimeChanged linea:143 -- Hubo un error al obtener los tipos de cambio
ERROR -- 2010-10-06 02:06:36,626 --En base funcion:on_dtPicker_dateTimeChanged linea:143 -- Hubo un error al obtener los tipos de cambio
INFO -- 2010-10-06 02:06:55,670 --En user funcion:__init__ linea:339 -- El usuario root se ha autenticado
CRITICAL -- 2010-10-06 02:07:17,243 --En base funcion:on_dtPicker_dateTimeChanged linea:130 -- La consulta para obtener tipos de cambio no devolvio exactamente un valor
CRITICAL -- 2010-10-06 02:07:18,693 --En base funcion:on_dtPicker_dateTimeChanged linea:130 -- La consulta para obtener tipos de cambio no devolvio exactamente un valor
ERROR -- 2010-10-06 02:07:19,416 --En base funcion:on_dtPicker_dateTimeChanged linea:143 -- Hubo un error al obtener los tipos de cambio
ERROR -- 2010-10-06 02:07:19,418 --En base funcion:on_dtPicker_dateTimeChanged linea:143 -- Hubo un error al obtener los tipos de cambio
INFO -- 2010-10-06 02:09:49,449 --En user funcion:__init__ linea:339 -- El usuario root se ha autenticado
CRITICAL -- 2010-10-06 02:09:55,691 --En base funcion:on_dtPicker_dateTimeChanged linea:130 -- La consulta para obtener tipos de cambio no devolvio exactamente un valor
CRITICAL -- 2010-10-06 02:09:56,669 --En base funcion:on_dtPicker_dateTimeChanged linea:130 -- La consulta para obtener tipos de cambio no devolvio exactamente un valor
ERROR -- 2010-10-06 02:09:57,327 --En base funcion:on_dtPicker_dateTimeChanged linea:143 -- Hubo un error al obtener los tipos de cambio
ERROR -- 2010-10-06 02:09:57,328 --En base funcion:on_dtPicker_dateTimeChanged linea:143 -- Hubo un error al obtener los tipos de cambio
ERROR -- 2010-10-06 02:10:18,011 --En base funcion:preview linea:359 -- printIdentifier debe implementarse para poder imprimir
CRITICAL -- 2010-10-06 02:10:21,400 --En base funcion:on_dtPicker_dateTimeChanged linea:130 -- La consulta para obtener tipos de cambio no devolvio exactamente un valor
CRITICAL -- 2010-10-06 02:10:22,862 --En base funcion:on_dtPicker_dateTimeChanged linea:130 -- La consulta para obtener tipos de cambio no devolvio exactamente un valor
ERROR -- 2010-10-06 02:10:23,553 --En base funcion:on_dtPicker_dateTimeChanged linea:143 -- Hubo un error al obtener los tipos de cambio
ERROR -- 2010-10-06 02:10:23,555 --En base funcion:on_dtPicker_dateTimeChanged linea:143 -- Hubo un error al obtener los tipos de cambio
CRITICAL -- 2010-10-06 02:10:25,970 --En base funcion:on_dtPicker_dateTimeChanged linea:130 -- La consulta para obtener tipos de cambio no devolvio exactamente un valor
CRITICAL -- 2010-10-06 02:10:27,033 --En base funcion:on_dtPicker_dateTimeChanged linea:130 -- La consulta para obtener tipos de cambio no devolvio exactamente un valor
ERROR -- 2010-10-06 02:10:27,606 --En base funcion:on_dtPicker_dateTimeChanged linea:143 -- Hubo un error al obtener los tipos de cambio
ERROR -- 2010-10-06 02:10:27,608 --En base funcion:on_dtPicker_dateTimeChanged linea:143 -- Hubo un error al obtener los tipos de cambio
CRITICAL -- 2010-10-06 02:10:28,041 --En base funcion:on_dtPicker_dateTimeChanged linea:130 -- La consulta para obtener tipos de cambio no devolvio exactamente un valor
CRITICAL -- 2010-10-06 02:10:28,865 --En base funcion:on_dtPicker_dateTimeChanged linea:130 -- La consulta para obtener tipos de cambio no devolvio exactamente un valor
ERROR -- 2010-10-06 02:10:29,255 --En base funcion:on_dtPicker_dateTimeChanged linea:143 -- Hubo un error al obtener los tipos de cambio
ERROR -- 2010-10-06 02:10:29,256 --En base funcion:on_dtPicker_dateTimeChanged linea:143 -- Hubo un error al obtener los tipos de cambio
CRITICAL -- 2010-10-06 02:10:44,886 --En base funcion:on_dtPicker_dateTimeChanged linea:130 -- La consulta para obtener tipos de cambio no devolvio exactamente un valor
CRITICAL -- 2010-10-06 02:10:45,582 --En base funcion:on_dtPicker_dateTimeChanged linea:130 -- La consulta para obtener tipos de cambio no devolvio exactamente un valor
ERROR -- 2010-10-06 02:10:46,076 --En base funcion:on_dtPicker_dateTimeChanged linea:143 -- Hubo un error al obtener los tipos de cambio
ERROR -- 2010-10-06 02:10:46,076 --En base funcion:on_dtPicker_dateTimeChanged linea:143 -- Hubo un error al obtener los tipos de cambio
INFO -- 2010-10-06 02:15:09,087 --En user funcion:__init__ linea:339 -- El usuario bo se ha autenticado
ERROR -- 2010-10-06 02:15:16,660 --En base funcion:preview linea:359 -- printIdentifier debe implementarse para poder imprimir
CRITICAL -- 2010-10-06 02:15:20,435 --En base funcion:on_dtPicker_dateTimeChanged linea:130 -- La consulta para obtener tipos de cambio no devolvio exactamente un valor
CRITICAL -- 2010-10-06 02:15:21,477 --En base funcion:on_dtPicker_dateTimeChanged linea:130 -- La consulta para obtener tipos de cambio no devolvio exactamente un valor
ERROR -- 2010-10-06 02:15:21,930 --En base funcion:on_dtPicker_dateTimeChanged linea:143 -- Hubo un error al obtener los tipos de cambio
ERROR -- 2010-10-06 02:15:21,932 --En base funcion:on_dtPicker_dateTimeChanged linea:143 -- Hubo un error al obtener los tipos de cambio
ERROR -- 2010-10-06 02:15:30,095 --En base funcion:preview linea:359 -- printIdentifier debe implementarse para poder imprimir
INFO -- 2010-10-06 02:17:38,386 --En user funcion:__init__ linea:339 -- El usuario cont se ha autenticado
INFO -- 2010-10-06 02:20:00,442 --En user funcion:__init__ linea:339 -- El usuario root se ha autenticado
ERROR -- 2010-10-06 02:20:10,935 --En user funcion:__init__ linea:347 -- No se ha podido autenticar al usuario cont
INFO -- 2010-10-06 02:20:12,497 --En user funcion:__init__ linea:339 -- El usuario cont se ha autenticado
INFO -- 2010-10-06 02:21:07,993 --En user funcion:__init__ linea:339 -- El usuario root se ha autenticado
INFO -- 2010-10-06 02:23:59,493 --En user funcion:__init__ linea:339 -- El usuario root se ha autenticado
INFO -- 2010-10-06 02:24:48,175 --En user funcion:__init__ linea:339 -- El usuario root se ha autenticado
INFO -- 2010-10-06 02:25:28,616 --En user funcion:__init__ linea:339 -- El usuario root se ha autenticado
INFO -- 2010-10-06 02:26:31,586 --En user funcion:__init__ linea:339 -- El usuario root se ha autenticado
INFO -- 2010-10-06 02:26:43,043 --En user funcion:__init__ linea:339 -- El usuario root se ha autenticado
INFO -- 2010-10-06 02:27:27,258 --En user funcion:__init__ linea:339 -- El usuario root se ha autenticado
INFO -- 2010-10-06 02:27:47,412 --En mainwindow funcion:on_btnApertura_clicked linea:176 -- El usuario root ha continuado una sesión de caja
INFO -- 2010-10-06 02:28:24,039 --En user funcion:__init__ linea:339 -- El usuario root se ha autenticado
INFO -- 2010-10-06 02:28:26,371 --En mainwindow funcion:on_btnApertura_clicked linea:176 -- El usuario root ha continuado una sesión de caja
INFO -- 2010-10-06 02:28:54,995 --En user funcion:__init__ linea:339 -- El usuario root se ha autenticado
INFO -- 2010-10-06 02:28:57,005 --En mainwindow funcion:on_btnApertura_clicked linea:176 -- El usuario root ha continuado una sesión de caja
INFO -- 2010-10-06 02:29:35,874 --En user funcion:__init__ linea:339 -- El usuario root se ha autenticado
CRITICAL -- 2010-10-06 02:29:51,770 --En base funcion:on_dtPicker_dateTimeChanged linea:130 -- La consulta para obtener tipos de cambio no devolvio exactamente un valor
CRITICAL -- 2010-10-06 02:29:52,964 --En base funcion:on_dtPicker_dateTimeChanged linea:130 -- La consulta para obtener tipos de cambio no devolvio exactamente un valor
ERROR -- 2010-10-06 02:29:53,474 --En base funcion:on_dtPicker_dateTimeChanged linea:143 -- Hubo un error al obtener los tipos de cambio
ERROR -- 2010-10-06 02:29:53,475 --En base funcion:on_dtPicker_dateTimeChanged linea:143 -- Hubo un error al obtener los tipos de cambio
CRITICAL -- 2010-10-06 02:30:04,220 --En base funcion:on_dtPicker_dateTimeChanged linea:130 -- La consulta para obtener tipos de cambio no devolvio exactamente un valor
CRITICAL -- 2010-10-06 02:30:05,059 --En base funcion:on_dtPicker_dateTimeChanged linea:130 -- La consulta para obtener tipos de cambio no devolvio exactamente un valor
ERROR -- 2010-10-06 02:30:05,789 --En base funcion:on_dtPicker_dateTimeChanged linea:143 -- Hubo un error al obtener los tipos de cambio
ERROR -- 2010-10-06 02:30:05,791 --En base funcion:on_dtPicker_dateTimeChanged linea:143 -- Hubo un error al obtener los tipos de cambio
INFO -- 2010-10-06 02:31:51,248 --En user funcion:__init__ linea:339 -- El usuario root se ha autenticado
CRITICAL -- 2010-10-06 02:31:53,455 --En base funcion:on_dtPicker_dateTimeChanged linea:130 -- La consulta para obtener tipos de cambio no devolvio exactamente un valor
CRITICAL -- 2010-10-06 02:31:54,324 --En base funcion:on_dtPicker_dateTimeChanged linea:130 -- La consulta para obtener tipos de cambio no devolvio exactamente un valor
ERROR -- 2010-10-06 02:31:54,718 --En base funcion:on_dtPicker_dateTimeChanged linea:143 -- Hubo un error al obtener los tipos de cambio
ERROR -- 2010-10-06 02:31:54,719 --En base funcion:on_dtPicker_dateTimeChanged linea:143 -- Hubo un error al obtener los tipos de cambio
INFO -- 2010-10-06 02:32:26,330 --En user funcion:__init__ linea:339 -- El usuario root se ha autenticado
CRITICAL -- 2010-10-06 02:32:27,939 --En base funcion:on_dtPicker_dateTimeChanged linea:130 -- La consulta para obtener tipos de cambio no devolvio exactamente un valor
CRITICAL -- 2010-10-06 02:32:28,642 --En base funcion:on_dtPicker_dateTimeChanged linea:130 -- La consulta para obtener tipos de cambio no devolvio exactamente un valor
ERROR -- 2010-10-06 02:32:29,065 --En base funcion:on_dtPicker_dateTimeChanged linea:143 -- Hubo un error al obtener los tipos de cambio
ERROR -- 2010-10-06 02:32:29,067 --En base funcion:on_dtPicker_dateTimeChanged linea:143 -- Hubo un error al obtener los tipos de cambio
INFO -- 2010-10-06 02:33:37,178 --En user funcion:__init__ linea:339 -- El usuario root se ha autenticado
CRITICAL -- 2010-10-06 02:33:40,272 --En base funcion:on_dtPicker_dateTimeChanged linea:130 -- La consulta para obtener tipos de cambio no devolvio exactamente un valor
ERROR -- 2010-10-06 02:33:41,189 --En base funcion:on_dtPicker_dateTimeChanged linea:143 -- Hubo un error al obtener los tipos de cambio
CRITICAL -- 2010-10-06 02:33:41,210 --En cheques funcion:on_cbocuenta_currentIndexChanged linea:300 -- 0 / 0
CRITICAL -- 2010-10-06 02:33:45,028 --En cheques funcion:on_cbocuenta_currentIndexChanged linea:300 -- 0 / 0
INFO -- 2010-10-06 02:34:25,161 --En user funcion:__init__ linea:339 -- El usuario root se ha autenticado
CRITICAL -- 2010-10-06 02:34:26,756 --En base funcion:on_dtPicker_dateTimeChanged linea:130 -- La consulta para obtener tipos de cambio no devolvio exactamente un valor
CRITICAL -- 2010-10-06 02:34:27,398 --En base funcion:on_dtPicker_dateTimeChanged linea:130 -- La consulta para obtener tipos de cambio no devolvio exactamente un valor
ERROR -- 2010-10-06 02:34:27,811 --En base funcion:on_dtPicker_dateTimeChanged linea:143 -- Hubo un error al obtener los tipos de cambio
ERROR -- 2010-10-06 02:34:27,812 --En base funcion:on_dtPicker_dateTimeChanged linea:143 -- Hubo un error al obtener los tipos de cambio
CRITICAL -- 2010-10-06 02:34:27,838 --En cheques funcion:on_cbocuenta_currentIndexChanged linea:300 -- 0 / 0
CRITICAL -- 2010-10-06 02:34:31,198 --En cheques funcion:on_cbocuenta_currentIndexChanged linea:300 -- 0 / 0
INFO -- 2010-10-06 02:36:48,474 --En user funcion:__init__ linea:339 -- El usuario root se ha autenticado
CRITICAL -- 2010-10-06 02:36:50,464 --En base funcion:on_dtPicker_dateTimeChanged linea:130 -- La consulta para obtener tipos de cambio no devolvio exactamente un valor
CRITICAL -- 2010-10-06 02:36:51,179 --En base funcion:on_dtPicker_dateTimeChanged linea:130 -- La consulta para obtener tipos de cambio no devolvio exactamente un valor
ERROR -- 2010-10-06 02:36:51,707 --En base funcion:on_dtPicker_dateTimeChanged linea:143 -- Hubo un error al obtener los tipos de cambio
ERROR -- 2010-10-06 02:36:51,708 --En base funcion:on_dtPicker_dateTimeChanged linea:143 -- Hubo un error al obtener los tipos de cambio
CRITICAL -- 2010-10-06 02:36:51,731 --En cheques funcion:on_cbocuenta_currentIndexChanged linea:300 -- 0 / 0
CRITICAL -- 2010-10-06 02:36:55,230 --En cheques funcion:on_cbocuenta_currentIndexChanged linea:300 -- 0 / 0
INFO -- 2010-10-06 02:38:53,465 --En user funcion:__init__ linea:339 -- El usuario root se ha autenticado
CRITICAL -- 2010-10-06 02:38:55,289 --En base funcion:on_dtPicker_dateTimeChanged linea:130 -- La consulta para obtener tipos de cambio no devolvio exactamente un valor
CRITICAL -- 2010-10-06 02:38:55,993 --En base funcion:on_dtPicker_dateTimeChanged linea:130 -- La consulta para obtener tipos de cambio no devolvio exactamente un valor
ERROR -- 2010-10-06 02:38:56,440 --En base funcion:on_dtPicker_dateTimeChanged linea:143 -- Hubo un error al obtener los tipos de cambio
ERROR -- 2010-10-06 02:38:56,442 --En base funcion:on_dtPicker_dateTimeChanged linea:143 -- Hubo un error al obtener los tipos de cambio
CRITICAL -- 2010-10-06 02:38:56,464 --En cheques funcion:on_cbocuenta_currentIndexChanged linea:300 -- 0 / 0
INFO -- 2010-10-06 02:42:03,745 --En user funcion:__init__ linea:339 -- El usuario root se ha autenticado
CRITICAL -- 2010-10-06 02:42:05,460 --En base funcion:on_dtPicker_dateTimeChanged linea:130 -- La consulta para obtener tipos de cambio no devolvio exactamente un valor
ERROR -- 2010-10-06 02:42:06,073 --En base funcion:on_dtPicker_dateTimeChanged linea:143 -- Hubo un error al obtener los tipos de cambio
CRITICAL -- 2010-10-06 02:42:06,100 --En cheques funcion:on_cbocuenta_currentIndexChanged linea:300 -- 0 / 0
CRITICAL -- 2010-10-06 02:42:08,328 --En cheques funcion:on_cbocuenta_currentIndexChanged linea:300 -- 0 / 0
INFO -- 2010-10-06 02:43:03,650 --En user funcion:__init__ linea:339 -- El usuario root se ha autenticado
CRITICAL -- 2010-10-06 02:43:05,685 --En base funcion:on_dtPicker_dateTimeChanged linea:130 -- La consulta para obtener tipos de cambio no devolvio exactamente un valor
CRITICAL -- 2010-10-06 02:43:06,508 --En base funcion:on_dtPicker_dateTimeChanged linea:130 -- La consulta para obtener tipos de cambio no devolvio exactamente un valor
ERROR -- 2010-10-06 02:43:06,885 --En base funcion:on_dtPicker_dateTimeChanged linea:143 -- Hubo un error al obtener los tipos de cambio
ERROR -- 2010-10-06 02:43:06,886 --En base funcion:on_dtPicker_dateTimeChanged linea:143 -- Hubo un error al obtener los tipos de cambio
CRITICAL -- 2010-10-06 02:43:06,909 --En cheques funcion:on_cbocuenta_currentIndexChanged linea:300 -- 0 / 0
CRITICAL -- 2010-10-06 02:43:07,733 --En cheques funcion:on_cbocuenta_currentIndexChanged linea:300 -- 0 / 0
INFO -- 2010-10-06 02:44:39,152 --En user funcion:__init__ linea:339 -- El usuario root se ha autenticado
CRITICAL -- 2010-10-06 02:44:41,220 --En base funcion:on_dtPicker_dateTimeChanged linea:130 -- La consulta para obtener tipos de cambio no devolvio exactamente un valor
CRITICAL -- 2010-10-06 02:44:41,667 --En base funcion:on_dtPicker_dateTimeChanged linea:130 -- La consulta para obtener tipos de cambio no devolvio exactamente un valor
ERROR -- 2010-10-06 02:44:42,006 --En base funcion:on_dtPicker_dateTimeChanged linea:143 -- Hubo un error al obtener los tipos de cambio
ERROR -- 2010-10-06 02:44:42,007 --En base funcion:on_dtPicker_dateTimeChanged linea:143 -- Hubo un error al obtener los tipos de cambio
CRITICAL -- 2010-10-06 02:44:42,029 --En cheques funcion:on_cbocuenta_currentIndexChanged linea:300 -- 0 / 0
CRITICAL -- 2010-10-06 02:44:45,719 --En cheques funcion:on_cbocuenta_currentIndexChanged linea:300 -- 0 / 0
INFO -- 2010-10-06 02:46:18,779 --En user funcion:__init__ linea:339 -- El usuario root se ha autenticado
CRITICAL -- 2010-10-06 02:46:20,828 --En base funcion:on_dtPicker_dateTimeChanged linea:130 -- La consulta para obtener tipos de cambio no devolvio exactamente un valor
CRITICAL -- 2010-10-06 02:46:21,514 --En base funcion:on_dtPicker_dateTimeChanged linea:130 -- La consulta para obtener tipos de cambio no devolvio exactamente un valor
ERROR -- 2010-10-06 02:46:21,842 --En base funcion:on_dtPicker_dateTimeChanged linea:143 -- Hubo un error al obtener los tipos de cambio
ERROR -- 2010-10-06 02:46:21,843 --En base funcion:on_dtPicker_dateTimeChanged linea:143 -- Hubo un error al obtener los tipos de cambio
CRITICAL -- 2010-10-06 02:46:21,867 --En cheques funcion:on_cbocuenta_currentIndexChanged linea:300 -- 0 / 0
CRITICAL -- 2010-10-06 02:46:24,553 --En cheques funcion:on_cbocuenta_currentIndexChanged linea:300 -- 0 / 0
INFO -- 2010-10-06 02:52:24,734 --En user funcion:__init__ linea:339 -- El usuario root se ha autenticado
CRITICAL -- 2010-10-06 02:52:28,904 --En base funcion:on_dtPicker_dateTimeChanged linea:130 -- La consulta para obtener tipos de cambio no devolvio exactamente un valor
CRITICAL -- 2010-10-06 02:52:29,495 --En base funcion:on_dtPicker_dateTimeChanged linea:130 -- La consulta para obtener tipos de cambio no devolvio exactamente un valor
ERROR -- 2010-10-06 02:52:29,876 --En base funcion:on_dtPicker_dateTimeChanged linea:143 -- Hubo un error al obtener los tipos de cambio
ERROR -- 2010-10-06 02:52:29,878 --En base funcion:on_dtPicker_dateTimeChanged linea:143 -- Hubo un error al obtener los tipos de cambio
CRITICAL -- 2010-10-06 02:52:29,900 --En cheques funcion:on_cbocuenta_currentIndexChanged linea:300 -- 'AccountsSelectorLine' object has no attribute 'tableV'
CRITICAL -- 2010-10-06 02:52:29,901 --En cheques funcion:on_cbocuenta_currentIndexChanged linea:300 -- 'AccountsSelectorLine' object has no attribute 'tableV'
CRITICAL -- 2010-10-06 02:52:30,831 --En cheques funcion:on_cbocuenta_currentIndexChanged linea:300 -- 'AccountsSelectorLine' object has no attribute 'tableV'
INFO -- 2010-10-06 02:53:04,680 --En user funcion:__init__ linea:339 -- El usuario root se ha autenticado
CRITICAL -- 2010-10-06 02:53:06,321 --En base funcion:on_dtPicker_dateTimeChanged linea:130 -- La consulta para obtener tipos de cambio no devolvio exactamente un valor
CRITICAL -- 2010-10-06 02:53:06,964 --En base funcion:on_dtPicker_dateTimeChanged linea:130 -- La consulta para obtener tipos de cambio no devolvio exactamente un valor
ERROR -- 2010-10-06 02:53:07,193 --En base funcion:on_dtPicker_dateTimeChanged linea:143 -- Hubo un error al obtener los tipos de cambio
ERROR -- 2010-10-06 02:53:07,195 --En base funcion:on_dtPicker_dateTimeChanged linea:143 -- Hubo un error al obtener los tipos de cambio
CRITICAL -- 2010-10-06 02:53:07,218 --En cheques funcion:on_cbocuenta_currentIndexChanged linea:300 -- 0 / 0
CRITICAL -- 2010-10-06 02:53:10,782 --En cheques funcion:on_cbocuenta_currentIndexChanged linea:300 -- 0 / 0
INFO -- 2010-10-06 02:55:54,776 --En user funcion:__init__ linea:339 -- El usuario root se ha autenticado
CRITICAL -- 2010-10-06 02:55:56,855 --En base funcion:on_dtPicker_dateTimeChanged linea:130 -- La consulta para obtener tipos de cambio no devolvio exactamente un valor
CRITICAL -- 2010-10-06 02:55:57,514 --En base funcion:on_dtPicker_dateTimeChanged linea:130 -- La consulta para obtener tipos de cambio no devolvio exactamente un valor
ERROR -- 2010-10-06 02:55:58,002 --En base funcion:on_dtPicker_dateTimeChanged linea:143 -- Hubo un error al obtener los tipos de cambio
ERROR -- 2010-10-06 02:55:58,003 --En base funcion:on_dtPicker_dateTimeChanged linea:143 -- Hubo un error al obtener los tipos de cambio
CRITICAL -- 2010-10-06 02:55:58,039 --En cheques funcion:on_cbocuenta_currentIndexChanged linea:300 -- 0 / 0
CRITICAL -- 2010-10-06 02:55:59,141 --En cheques funcion:on_cbocuenta_currentIndexChanged linea:300 -- 0 / 0
INFO -- 2010-10-06 02:59:57,050 --En user funcion:__init__ linea:339 -- El usuario root se ha autenticado
CRITICAL -- 2010-10-06 02:59:58,718 --En base funcion:on_dtPicker_dateTimeChanged linea:130 -- La consulta para obtener tipos de cambio no devolvio exactamente un valor
ERROR -- 2010-10-06 02:59:59,310 --En base funcion:on_dtPicker_dateTimeChanged linea:143 -- Hubo un error al obtener los tipos de cambio
CRITICAL -- 2010-10-06 02:59:59,333 --En cheques funcion:on_cbocuenta_currentIndexChanged linea:300 -- 0 / 0
CRITICAL -- 2010-10-06 03:00:01,569 --En cheques funcion:on_cbocuenta_currentIndexChanged linea:300 -- 0 / 0
